/usr/local/lib/python2.7/dist-packages/sklearn/cross_validation.py:43: DeprecationWarning: This module has been deprecated in favor of the model_selection module into which all the refactored classes and functions are moved. Also note that the interface of the new CV iterators are different from that of this module. This module will be removed in 0.20.
  "This module will be removed in 0.20.", DeprecationWarning)
[2016-02-27 13:42:11.640928] start work on generating data 144000
[2016-02-27 13:42:11.947026] finished generate positive data 0
[2016-02-27 13:44:57.726441] finished generate positive data 500
[2016-02-27 13:47:43.006466] finished generate positive data 1000
[2016-02-27 13:50:29.388780] finished generate positive data 1500
[2016-02-27 13:53:14.467757] finished generate positive data 2000
[2016-02-27 13:56:03.780356] finished generate positive data 2500
[2016-02-27 13:58:50.282266] finished generate positive data 3000
[2016-02-27 14:01:37.559480] finished generate positive data 3500
[2016-02-27 14:04:26.644084] finished generate positive data 4000
[2016-02-27 14:07:17.174478] finished generate positive data 4500
[2016-02-27 14:10:05.456468] finished generate positive data 5000
[2016-02-27 14:12:55.382610] finished generate positive data 5500
[2016-02-27 14:15:44.468205] finished generate positive data 6000
[2016-02-27 14:18:35.190614] finished generate positive data 6500
[2016-02-27 14:21:26.642849] finished generate positive data 7000
[2016-02-27 14:24:17.138064] finished generate positive data 7500
[2016-02-27 14:27:08.835661] finished generate positive data 8000
[2016-02-27 14:29:59.710122] finished generate positive data 8500
[2016-02-27 14:33:12.991507] finished generate positive data 9000
[2016-02-27 14:36:08.751885] finished generate positive data 9500
[2016-02-27 14:39:03.324336] finished generate positive data 10000
[2016-02-27 14:41:55.615647] finished generate positive data 10500
[2016-02-27 14:44:53.085190] finished generate positive data 11000
[2016-02-27 14:47:50.168555] finished generate positive data 11500
[2016-02-27 14:50:48.194370] finished generate positive data 12000
[2016-02-27 14:54:04.338424] finished generate positive data 12500
[2016-02-27 14:59:56.099088] finished generate positive data 13000
[2016-02-27 15:06:30.271600] finished generate positive data 13500
[2016-02-27 15:14:52.760445] finished generate positive data 14000
[2016-02-27 15:18:40.772927] finished generate positive data 14500
[2016-02-27 15:21:55.568875] finished generate positive data 15000
[2016-02-27 15:25:08.084541] finished generate positive data 15500
[2016-02-27 15:28:22.930829] finished generate positive data 16000
[2016-02-27 15:31:27.923486] finished generate positive data 16500
[2016-02-27 15:34:33.005322] finished generate positive data 17000
[2016-02-27 15:37:43.961563] finished generate positive data 17500
[2016-02-27 15:40:51.460877] finished generate positive data 18000
[2016-02-27 15:43:18.395465] finished generate positive data 18500
[2016-02-27 15:45:45.175361] finished generate positive data 19000
[2016-02-27 15:48:12.871543] finished generate positive data 19500
[2016-02-27 15:50:31.921656] finished generate positive data 20000
[2016-02-27 15:52:52.460913] finished generate positive data 20500
[2016-02-27 15:55:14.640876] finished generate positive data 21000
[2016-02-27 15:57:42.979754] finished generate positive data 21500
[2016-02-27 16:00:10.619522] finished generate positive data 22000
[2016-02-27 16:02:37.335407] finished generate positive data 22500
[2016-02-27 16:05:07.900276] finished generate positive data 23000
[2016-02-27 16:07:35.351555] finished generate positive data 23500
[2016-02-27 16:10:04.450327] finished generate positive data 24000
[2016-02-27 16:12:28.047016] finished generate positive data 24500
[2016-02-27 16:14:52.883734] finished generate positive data 25000
[2016-02-27 16:17:16.310716] finished generate positive data 25500
[2016-02-27 16:19:39.647919] finished generate positive data 26000
[2016-02-27 16:22:08.684154] finished generate positive data 26500
[2016-02-27 16:24:37.499889] finished generate positive data 27000
[2016-02-27 16:27:08.153449] finished generate positive data 27500
[2016-02-27 16:29:37.161653] finished generate positive data 28000
[2016-02-27 16:32:08.855584] finished generate positive data 28500
[2016-02-27 16:34:37.256203] finished generate positive data 29000
[2016-02-27 16:37:07.843597] finished generate positive data 29500
[2016-02-27 16:39:38.841162] finished generate positive data 30000
[2016-02-27 16:42:07.550961] finished generate positive data 30500
[2016-02-27 16:44:37.959903] finished generate positive data 31000
[2016-02-27 16:47:07.300239] finished generate positive data 31500
[2016-02-27 16:49:31.581351] finished generate positive data 32000
[2016-02-27 16:51:55.997402] finished generate positive data 32500
[2016-02-27 16:54:22.653533] finished generate positive data 33000
[2016-02-27 16:56:47.420174] finished generate positive data 33500
[2016-02-27 16:59:22.325877] finished generate positive data 34000
[2016-02-27 17:01:47.202293] finished generate positive data 34500
[2016-02-27 17:04:11.265487] finished generate positive data 35000
[2016-02-27 17:06:36.924236] finished generate positive data 35500
[2016-02-27 17:09:01.430220] finished generate positive data 36000
[2016-02-27 17:11:25.734664] finished generate positive data 36500
[2016-02-27 17:13:52.421533] finished generate positive data 37000
[2016-02-27 17:16:16.426472] finished generate positive data 37500
[2016-02-27 17:18:40.921513] finished generate positive data 38000
[2016-02-27 17:21:07.568490] finished generate positive data 38500
[2016-02-27 17:23:34.245667] finished generate positive data 39000
[2016-02-27 17:26:10.469240] finished generate positive data 39500
[2016-02-27 17:32:13.930075] finished generate positive data 40000
[2016-02-27 17:36:20.457370] finished generate positive data 40500
[2016-02-27 17:39:15.016115] finished generate positive data 41000
[2016-02-27 17:41:47.533641] finished generate positive data 41500
[2016-02-27 17:44:19.721284] finished generate positive data 42000
[2016-02-27 17:46:45.243688] finished generate positive data 42500
[2016-02-27 17:49:13.839988] finished generate positive data 43000
[2016-02-27 17:51:54.078513] finished generate positive data 43500
[2016-02-27 17:54:22.450633] finished generate positive data 44000
[2016-02-27 17:56:51.368819] finished generate positive data 44500
[2016-02-27 17:59:23.091170] finished generate positive data 45000
[2016-02-27 18:01:52.618489] finished generate positive data 45500
[2016-02-27 18:04:21.581775] finished generate positive data 46000
[2016-02-27 18:06:51.253027] finished generate positive data 46500
[2016-02-27 18:09:22.044414] finished generate positive data 47000
[2016-02-27 18:11:51.427330] finished generate positive data 47500
[2016-02-27 18:14:18.642440] finished generate positive data 48000
[2016-02-27 18:16:46.240995] finished generate positive data 48500
[2016-02-27 18:19:13.727650] finished generate positive data 49000
[2016-02-27 18:21:42.034780] finished generate positive data 49500
[2016-02-27 18:24:10.111822] finished generate positive data 50000
[2016-02-27 18:26:38.914669] finished generate positive data 50500
[2016-02-27 18:29:07.209593] finished generate positive data 51000
[2016-02-27 18:31:37.017886] finished generate positive data 51500
[2016-02-27 18:34:06.372137] finished generate positive data 52000
[2016-02-27 18:36:37.485976] finished generate positive data 52500
[2016-02-27 18:39:05.937371] finished generate positive data 53000
[2016-02-27 18:41:34.562312] finished generate positive data 53500
[2016-02-27 18:44:01.619699] finished generate positive data 54000
[2016-02-27 18:46:30.968828] finished generate positive data 54500
[2016-02-27 18:49:01.330113] finished generate positive data 55000
[2016-02-27 18:51:29.953779] finished generate positive data 55500
[2016-02-27 18:53:58.909681] finished generate positive data 56000
[2016-02-27 18:56:27.449045] finished generate positive data 56500
[2016-02-27 18:58:57.562667] finished generate positive data 57000
[2016-02-27 19:01:26.281398] finished generate positive data 57500
[2016-02-27 19:03:57.036776] finished generate positive data 58000
[2016-02-27 19:06:27.079325] finished generate positive data 58500
[2016-02-27 19:08:56.303527] finished generate positive data 59000
[2016-02-27 19:11:25.203063] finished generate positive data 59500
[2016-02-27 19:13:54.154695] finished generate positive data 60000
[2016-02-27 19:16:22.880344] finished gener